<?xml version="1.0" encoding="UTF-8"?>
<!-- Generated by org.testng.reporters.JUnitReportReporter -->
<testsuite hostname="metalok" failures="0" tests="1" name="Selenium4.MakeMyTrip" time="10.358" errors="0" timestamp="2023-11-06T18:47:09 IST" skipped="0">
  <testcase classname="Selenium4.MakeMyTrip" name="MMT" time="10.358"/>
  <system-out/>
</testsuite> <!-- Selenium4.MakeMyTrip -->
